<?xml version="1.0" encoding="UTF-8"?>
<!-- Generated by org.testng.reporters.JUnitReportReporter -->
<testsuite hostname="DESKTOP-GLL78GE" failures="0" tests="1" name="Assignment.Assignment1" time="52.531" errors="0" timestamp="2022-09-09T17:40:43 IST" skipped="0">
  <testcase classname="Assignment.Assignment1" name="campaignsTest" time="52.531"/>
  <system-out/>
</testsuite> <!-- Assignment.Assignment1 -->
