<?xml version="1.0" encoding="UTF-8"?>
<!-- Generated by org.testng.reporters.JUnitReportReporter -->
<testsuite hostname="DESKTOP-GLL78GE" failures="0" tests="1" name="Assignment.Assignment1" time="101.731" errors="0" timestamp="2022-09-10T23:02:10 IST" skipped="0">
  <testcase classname="Assignment.Assignment1" name="campaignsTest" time="101.731"/>
  <system-out/>
</testsuite> <!-- Assignment.Assignment1 -->
