<?xml version="1.0" encoding="UTF-8"?>
<!-- Generated by org.testng.reporters.JUnitReportReporter -->
<testsuite hostname="DESKTOP-GLL78GE" failures="0" tests="1" name="Assignment.Assignment1" time="122.183" errors="0" timestamp="2022-09-09T13:59:05 IST" skipped="0">
  <testcase classname="Assignment.Assignment1" name="createCampaigns" time="122.183"/>
  <system-out/>
</testsuite> <!-- Assignment.Assignment1 -->
